[    1344ms] [WARNING] [Warning] Please install/enable Redux devtools extension @ https://frontend-assets.supabase.com/studio/4043c93efce8/_next/static/chunks/06q-72n2xh3ja.js?dpl=dpl_FeokbzNjhLUXuzddXZr15EPWk1wL:12
[    1528ms] [LOG] Supabase Studio is running commit 4043c93efce837068a7d2a01b4af8b7e43cca466 deployed at 2026-04-13 20:49:49 +01:00. @ https://frontend-assets.supabase.com/studio/4043c93efce8/_next/static/chunks/06q-72n2xh3ja.js?dpl=dpl_FeokbzNjhLUXuzddXZr15EPWk1wL:12
[    1587ms] [WARNING] ConfigCat - WARN - [3000] There is an existing client instance for the specified SDK Key. No new client instance will be created and the specified options are ignored. Returning the existing client instance. SDK Key: 'configcat-proxy/frontend-v2'. @ https://frontend-assets.supabase.com/studio/4043c93efce8/_next/static/chunks/06q-72n2xh3ja.js?dpl=dpl_FeokbzNjhLUXuzddXZr15EPWk1wL:12
[    4135ms] [ERROR] Failed to load resource: the server responded with a status of 429 () @ https://o398706.ingest.us.sentry.io/api/5459134/envelope/?sentry_version=7&sentry_key=caa7db5fc1da4341810a6d56251a951c&sentry_client=sentry.javascript.nextjs%2F10.27.0:0
[   76166ms] [WARNING] Tabs is changing from controlled to uncontrolled. Components should not switch from controlled to uncontrolled (or vice versa). Decide between using a controlled or uncontrolled value for the lifetime of the component. @ https://frontend-assets.supabase.com/studio/4043c93efce8/_next/static/chunks/06q-72n2xh3ja.js?dpl=dpl_FeokbzNjhLUXuzddXZr15EPWk1wL:12
[   76185ms] [WARNING] Tabs is changing from uncontrolled to controlled. Components should not switch from controlled to uncontrolled (or vice versa). Decide between using a controlled or uncontrolled value for the lifetime of the component. @ https://frontend-assets.supabase.com/studio/4043c93efce8/_next/static/chunks/06q-72n2xh3ja.js?dpl=dpl_FeokbzNjhLUXuzddXZr15EPWk1wL:12
[   76204ms] [ERROR] Failed to load resource: the server responded with a status of 429 () @ https://o398706.ingest.us.sentry.io/api/5459134/envelope/?sentry_version=7&sentry_key=caa7db5fc1da4341810a6d56251a951c&sentry_client=sentry.javascript.nextjs%2F10.27.0:0
[   76204ms] [ERROR] Failed to load resource: the server responded with a status of 429 () @ https://o398706.ingest.us.sentry.io/api/5459134/envelope/?sentry_version=7&sentry_key=caa7db5fc1da4341810a6d56251a951c&sentry_client=sentry.javascript.nextjs%2F10.27.0:0
[   76205ms] [ERROR] Failed to load resource: the server responded with a status of 429 () @ https://o398706.ingest.us.sentry.io/api/5459134/envelope/?sentry_version=7&sentry_key=caa7db5fc1da4341810a6d56251a951c&sentry_client=sentry.javascript.nextjs%2F10.27.0:0
[   76205ms] [ERROR] Failed to load resource: the server responded with a status of 429 () @ https://o398706.ingest.us.sentry.io/api/5459134/envelope/?sentry_version=7&sentry_key=caa7db5fc1da4341810a6d56251a951c&sentry_client=sentry.javascript.nextjs%2F10.27.0:0
[   76205ms] [ERROR] Failed to load resource: the server responded with a status of 429 () @ https://o398706.ingest.us.sentry.io/api/5459134/envelope/?sentry_version=7&sentry_key=caa7db5fc1da4341810a6d56251a951c&sentry_client=sentry.javascript.nextjs%2F10.27.0:0
[   76238ms] [ERROR] Failed to load resource: the server responded with a status of 429 () @ https://o398706.ingest.us.sentry.io/api/5459134/envelope/?sentry_version=7&sentry_key=caa7db5fc1da4341810a6d56251a951c&sentry_client=sentry.javascript.nextjs%2F10.27.0:0
[   76239ms] [ERROR] Failed to load resource: the server responded with a status of 429 () @ https://o398706.ingest.us.sentry.io/api/5459134/envelope/?sentry_version=7&sentry_key=caa7db5fc1da4341810a6d56251a951c&sentry_client=sentry.javascript.nextjs%2F10.27.0:0
[   76239ms] [ERROR] Failed to load resource: the server responded with a status of 429 () @ https://o398706.ingest.us.sentry.io/api/5459134/envelope/?sentry_version=7&sentry_key=caa7db5fc1da4341810a6d56251a951c&sentry_client=sentry.javascript.nextjs%2F10.27.0:0
[   76239ms] [ERROR] Failed to load resource: the server responded with a status of 429 () @ https://o398706.ingest.us.sentry.io/api/5459134/envelope/?sentry_version=7&sentry_key=caa7db5fc1da4341810a6d56251a951c&sentry_client=sentry.javascript.nextjs%2F10.27.0:0
[   76239ms] [ERROR] Failed to load resource: the server responded with a status of 429 () @ https://o398706.ingest.us.sentry.io/api/5459134/envelope/?sentry_version=7&sentry_key=caa7db5fc1da4341810a6d56251a951c&sentry_client=sentry.javascript.nextjs%2F10.27.0:0
[   76239ms] [ERROR] Failed to load resource: the server responded with a status of 429 () @ https://o398706.ingest.us.sentry.io/api/5459134/envelope/?sentry_version=7&sentry_key=caa7db5fc1da4341810a6d56251a951c&sentry_client=sentry.javascript.nextjs%2F10.27.0:0
[   76239ms] [ERROR] Failed to load resource: the server responded with a status of 429 () @ https://o398706.ingest.us.sentry.io/api/5459134/envelope/?sentry_version=7&sentry_key=caa7db5fc1da4341810a6d56251a951c&sentry_client=sentry.javascript.nextjs%2F10.27.0:0
[   76239ms] [ERROR] Failed to load resource: the server responded with a status of 429 () @ https://o398706.ingest.us.sentry.io/api/5459134/envelope/?sentry_version=7&sentry_key=caa7db5fc1da4341810a6d56251a951c&sentry_client=sentry.javascript.nextjs%2F10.27.0:0
[   76239ms] [ERROR] Failed to load resource: the server responded with a status of 429 () @ https://o398706.ingest.us.sentry.io/api/5459134/envelope/?sentry_version=7&sentry_key=caa7db5fc1da4341810a6d56251a951c&sentry_client=sentry.javascript.nextjs%2F10.27.0:0
[   76239ms] [ERROR] Failed to load resource: the server responded with a status of 429 () @ https://o398706.ingest.us.sentry.io/api/5459134/envelope/?sentry_version=7&sentry_key=caa7db5fc1da4341810a6d56251a951c&sentry_client=sentry.javascript.nextjs%2F10.27.0:0
[   76240ms] [ERROR] Failed to load resource: the server responded with a status of 429 () @ https://o398706.ingest.us.sentry.io/api/5459134/envelope/?sentry_version=7&sentry_key=caa7db5fc1da4341810a6d56251a951c&sentry_client=sentry.javascript.nextjs%2F10.27.0:0
[   76240ms] [ERROR] Failed to load resource: the server responded with a status of 429 () @ https://o398706.ingest.us.sentry.io/api/5459134/envelope/?sentry_version=7&sentry_key=caa7db5fc1da4341810a6d56251a951c&sentry_client=sentry.javascript.nextjs%2F10.27.0:0
[   76240ms] [ERROR] Failed to load resource: the server responded with a status of 429 () @ https://o398706.ingest.us.sentry.io/api/5459134/envelope/?sentry_version=7&sentry_key=caa7db5fc1da4341810a6d56251a951c&sentry_client=sentry.javascript.nextjs%2F10.27.0:0
[   76240ms] [ERROR] Failed to load resource: the server responded with a status of 429 () @ https://o398706.ingest.us.sentry.io/api/5459134/envelope/?sentry_version=7&sentry_key=caa7db5fc1da4341810a6d56251a951c&sentry_client=sentry.javascript.nextjs%2F10.27.0:0
[   76240ms] [ERROR] Failed to load resource: the server responded with a status of 429 () @ https://o398706.ingest.us.sentry.io/api/5459134/envelope/?sentry_version=7&sentry_key=caa7db5fc1da4341810a6d56251a951c&sentry_client=sentry.javascript.nextjs%2F10.27.0:0
[   76240ms] [ERROR] Failed to load resource: the server responded with a status of 429 () @ https://o398706.ingest.us.sentry.io/api/5459134/envelope/?sentry_version=7&sentry_key=caa7db5fc1da4341810a6d56251a951c&sentry_client=sentry.javascript.nextjs%2F10.27.0:0
[   76240ms] [ERROR] Failed to load resource: the server responded with a status of 429 () @ https://o398706.ingest.us.sentry.io/api/5459134/envelope/?sentry_version=7&sentry_key=caa7db5fc1da4341810a6d56251a951c&sentry_client=sentry.javascript.nextjs%2F10.27.0:0
[   76240ms] [ERROR] Failed to load resource: the server responded with a status of 429 () @ https://o398706.ingest.us.sentry.io/api/5459134/envelope/?sentry_version=7&sentry_key=caa7db5fc1da4341810a6d56251a951c&sentry_client=sentry.javascript.nextjs%2F10.27.0:0
[   76240ms] [ERROR] Failed to load resource: the server responded with a status of 429 () @ https://o398706.ingest.us.sentry.io/api/5459134/envelope/?sentry_version=7&sentry_key=caa7db5fc1da4341810a6d56251a951c&sentry_client=sentry.javascript.nextjs%2F10.27.0:0
[   76241ms] [ERROR] Failed to load resource: the server responded with a status of 429 () @ https://o398706.ingest.us.sentry.io/api/5459134/envelope/?sentry_version=7&sentry_key=caa7db5fc1da4341810a6d56251a951c&sentry_client=sentry.javascript.nextjs%2F10.27.0:0
[   76241ms] [ERROR] Failed to load resource: the server responded with a status of 429 () @ https://o398706.ingest.us.sentry.io/api/5459134/envelope/?sentry_version=7&sentry_key=caa7db5fc1da4341810a6d56251a951c&sentry_client=sentry.javascript.nextjs%2F10.27.0:0
[   76241ms] [ERROR] Failed to load resource: the server responded with a status of 429 () @ https://o398706.ingest.us.sentry.io/api/5459134/envelope/?sentry_version=7&sentry_key=caa7db5fc1da4341810a6d56251a951c&sentry_client=sentry.javascript.nextjs%2F10.27.0:0
[   76241ms] [ERROR] Failed to load resource: the server responded with a status of 429 () @ https://o398706.ingest.us.sentry.io/api/5459134/envelope/?sentry_version=7&sentry_key=caa7db5fc1da4341810a6d56251a951c&sentry_client=sentry.javascript.nextjs%2F10.27.0:0
[   76241ms] [ERROR] Failed to load resource: the server responded with a status of 429 () @ https://o398706.ingest.us.sentry.io/api/5459134/envelope/?sentry_version=7&sentry_key=caa7db5fc1da4341810a6d56251a951c&sentry_client=sentry.javascript.nextjs%2F10.27.0:0
[   76241ms] [ERROR] Failed to load resource: the server responded with a status of 429 () @ https://o398706.ingest.us.sentry.io/api/5459134/envelope/?sentry_version=7&sentry_key=caa7db5fc1da4341810a6d56251a951c&sentry_client=sentry.javascript.nextjs%2F10.27.0:0
[   76241ms] [ERROR] Failed to load resource: the server responded with a status of 429 () @ https://o398706.ingest.us.sentry.io/api/5459134/envelope/?sentry_version=7&sentry_key=caa7db5fc1da4341810a6d56251a951c&sentry_client=sentry.javascript.nextjs%2F10.27.0:0
[   76241ms] [ERROR] Failed to load resource: the server responded with a status of 429 () @ https://o398706.ingest.us.sentry.io/api/5459134/envelope/?sentry_version=7&sentry_key=caa7db5fc1da4341810a6d56251a951c&sentry_client=sentry.javascript.nextjs%2F10.27.0:0
[   76241ms] [ERROR] Failed to load resource: the server responded with a status of 429 () @ https://o398706.ingest.us.sentry.io/api/5459134/envelope/?sentry_version=7&sentry_key=caa7db5fc1da4341810a6d56251a951c&sentry_client=sentry.javascript.nextjs%2F10.27.0:0
[   76241ms] [ERROR] Failed to load resource: the server responded with a status of 429 () @ https://o398706.ingest.us.sentry.io/api/5459134/envelope/?sentry_version=7&sentry_key=caa7db5fc1da4341810a6d56251a951c&sentry_client=sentry.javascript.nextjs%2F10.27.0:0
[   76242ms] [ERROR] Failed to load resource: the server responded with a status of 429 () @ https://o398706.ingest.us.sentry.io/api/5459134/envelope/?sentry_version=7&sentry_key=caa7db5fc1da4341810a6d56251a951c&sentry_client=sentry.javascript.nextjs%2F10.27.0:0
[   76242ms] [ERROR] Failed to load resource: the server responded with a status of 429 () @ https://o398706.ingest.us.sentry.io/api/5459134/envelope/?sentry_version=7&sentry_key=caa7db5fc1da4341810a6d56251a951c&sentry_client=sentry.javascript.nextjs%2F10.27.0:0
[   76242ms] [ERROR] Failed to load resource: the server responded with a status of 429 () @ https://o398706.ingest.us.sentry.io/api/5459134/envelope/?sentry_version=7&sentry_key=caa7db5fc1da4341810a6d56251a951c&sentry_client=sentry.javascript.nextjs%2F10.27.0:0
[   76242ms] [ERROR] Failed to load resource: the server responded with a status of 429 () @ https://o398706.ingest.us.sentry.io/api/5459134/envelope/?sentry_version=7&sentry_key=caa7db5fc1da4341810a6d56251a951c&sentry_client=sentry.javascript.nextjs%2F10.27.0:0
[   76242ms] [ERROR] Failed to load resource: the server responded with a status of 429 () @ https://o398706.ingest.us.sentry.io/api/5459134/envelope/?sentry_version=7&sentry_key=caa7db5fc1da4341810a6d56251a951c&sentry_client=sentry.javascript.nextjs%2F10.27.0:0
[   76242ms] [ERROR] Failed to load resource: the server responded with a status of 429 () @ https://o398706.ingest.us.sentry.io/api/5459134/envelope/?sentry_version=7&sentry_key=caa7db5fc1da4341810a6d56251a951c&sentry_client=sentry.javascript.nextjs%2F10.27.0:0
[  907476ms] [ERROR] Failed to load resource: the server responded with a status of 429 () @ https://o398706.ingest.us.sentry.io/api/5459134/envelope/?sentry_version=7&sentry_key=caa7db5fc1da4341810a6d56251a951c&sentry_client=sentry.javascript.nextjs%2F10.27.0:0
